<?xml version="1.0" encoding="UTF-8"?>
<testsuite xmlns:xsi="http://www.w3.org/2001/XMLSchema-instance" xsi:noNamespaceSchemaLocation="https://maven.apache.org/surefire/maven-surefire-plugin/xsd/surefire-test-report.xsd" name="ua.lviv.iot.regex.ChangeOrderOfLettersTest" time="0.098" tests="3" errors="0" skipped="0" failures="0">
  <properties>
[...]
</properties>
  <testcase name="findInterrogetiveSentencesTest" classname="ua.lviv.iot.regex.ChangeOrderOfLettersTest" time="0.049"/>
  <testcase name="findMiddleWordsTest" classname="ua.lviv.iot.regex.ChangeOrderOfLettersTest" time="0.015"/>
  <testcase name="reverseOrderOfLettersTest" classname="ua.lviv.iot.regex.ChangeOrderOfLettersTest" time="0.02"/>
</testsuite>